2026-01-27 07:09:17,482 - INFO - Generating resistance database (this may take a while)...
2026-01-27 07:09:17,482 - INFO - Running: fos-cazavi create-db
2026-01-27 07:09:24,483 - INFO -   Success: fos-cazavi create-db
2026-01-27 07:09:24,483 - INFO - Searching for Escherichia coli genomes...
2026-01-27 07:09:24,656 - INFO -   Found IDs: ['1552079205', '1389109279']
2026-01-27 07:09:24,656 - INFO -   Downloading 1552079205 to downloaded_genomes/ecoli_1.fasta...
2026-01-27 07:09:26,682 - INFO -   Downloading 1389109279 to downloaded_genomes/ecoli_2.fasta...
2026-01-27 07:09:28,488 - INFO - Searching for Klebsiella pneumoniae genomes...
2026-01-27 07:09:28,640 - INFO -   Found IDs: ['2862638236', '2705559296']
2026-01-27 07:09:28,640 - INFO -   Downloading 2862638236 to downloaded_genomes/kpneumo_1.fasta...
2026-01-27 07:09:30,969 - INFO -   Downloading 2705559296 to downloaded_genomes/kpneumo_2.fasta...
2026-01-27 07:09:32,645 - INFO - Simulating genes and mutations...
2026-01-27 07:09:32,645 - INFO - Processing downloaded_genomes/ecoli_1.fasta -> simulated_genomes/ecoli_1_simulated.fasta
2026-01-27 07:09:32,687 - INFO -   Added fosA3
2026-01-27 07:09:32,687 - WARNING -   Gene uhpB not found in database for mutation
2026-01-27 07:09:32,721 - INFO - Processing downloaded_genomes/ecoli_2.fasta -> simulated_genomes/ecoli_2_simulated.fasta
2026-01-27 07:09:32,754 - INFO -   Added blaKPC-3 with mutation D179Y
2026-01-27 07:09:32,754 - WARNING -   Gene galU not found in database for mutation
2026-01-27 07:09:32,785 - INFO - Processing downloaded_genomes/kpneumo_1.fasta -> simulated_genomes/kpneumo_1_simulated.fasta
2026-01-27 07:09:32,821 - INFO -   Added blaOXA-48
2026-01-27 07:09:32,822 - INFO -   Added lon with mutation Q558*
2026-01-27 07:09:32,853 - INFO - Processing downloaded_genomes/kpneumo_2.fasta -> simulated_genomes/kpneumo_2_simulated.fasta
2026-01-27 07:09:32,888 - INFO -   Added blaKPC-3 with mutation T243M
2026-01-27 07:09:32,888 - WARNING -   Gene uhpC not found in database for mutation
2026-01-27 07:09:32,924 - INFO - Running detection on simulated genomes...
2026-01-27 07:09:32,924 - INFO - Running: Analysis of ecoli_1_simulated
2026-01-27 07:09:38,099 - INFO -   Success: Analysis of ecoli_1_simulated
2026-01-27 07:09:38,099 - INFO - Running: Analysis of ecoli_2_simulated
2026-01-27 07:09:41,519 - INFO -   Success: Analysis of ecoli_2_simulated
2026-01-27 07:09:41,519 - INFO - Running: Analysis of kpneumo_1_simulated
2026-01-27 07:09:45,596 - INFO -   Success: Analysis of kpneumo_1_simulated
2026-01-27 07:09:45,597 - INFO - Running: Analysis of kpneumo_2_simulated
2026-01-27 07:09:49,723 - INFO -   Success: Analysis of kpneumo_2_simulated
2026-01-27 07:09:49,723 - INFO - Done! Check 'results/' directory.
